2025-07-11T11:18:33 | touched: src/main.rs
2025-06-06T04:25:23 | touched: LICENSE
2026-01-06T20:42:46 | touched: src/lib.rs
2025-10-03T11:53:27 | touched: LICENSE
2025-04-28T06:04:34 | touched: README.md
2025-07-05T05:27:33 | touched: src/lib.rs
2025-06-02T01:32:32 | touched: src/main.rs
2025-11-27T21:52:24 | touched: README.md
2025-12-10T11:45:08 | touched: Cargo.toml
2025-11-20T06:32:31 | touched: src/lib.rs
2025-11-11T09:45:11 | touched: LICENSE
2025-09-13T20:44:53 | touched: LICENSE
2025-05-08T19:40:27 | touched: Cargo.toml
2025-06-01T09:45:10 | touched: src/lib.rs
2025-09-15T15:23:58 | touched: LICENSE
2025-01-27T18:03:11 | touched: src/main.rs
2025-03-30T23:41:11 | touched: LICENSE
2025-12-16T00:05:08 | touched: Cargo.toml
2025-01-12T21:52:44 | touched: LICENSE
2025-11-16T21:22:12 | touched: LICENSE
2025-02-19T11:09:03 | touched: src/main.rs
2025-12-06T11:38:07 | touched: Cargo.toml
2025-09-05T20:18:00 | touched: README.md
2025-05-13T12:50:54 | touched: src/lib.rs
